<?xml version="1.0" encoding="UTF-8"?>
<testsuite xmlns:xsi="http://www.w3.org/2001/XMLSchema-instance" xsi:noNamespaceSchemaLocation="https://maven.apache.org/surefire/maven-surefire-plugin/xsd/surefire-test-report.xsd" version="3.0.2" name="Domain.ShiftJobsTest" time="0.169" tests="11" errors="0" skipped="0" failures="0">
  <properties>
[...]
</properties>
  <testcase name="testRemoveCasheerSuccess" classname="Domain.ShiftJobsTest" time="0.047"/>
  <testcase name="testRemoveInvalidJob" classname="Domain.ShiftJobsTest" time="0.004"/>
  <testcase name="testToStringNotEmpty" classname="Domain.ShiftJobsTest" time="0.023"/>
  <testcase name="testAddCasheerSuccess" classname="Domain.ShiftJobsTest" time="0.006"/>
  <testcase name="testContainAllJobsFalseMissing" classname="Domain.ShiftJobsTest" time="0.004"/>
  <testcase name="testContainAllJobsTrue" classname="Domain.ShiftJobsTest" time="0.005"/>
  <testcase name="testAddInvalidJob" classname="Domain.ShiftJobsTest" time="0.004"/>
  <testcase name="testRemoveCasheerFailWhenEmpty" classname="Domain.ShiftJobsTest" time="0.003"/>
  <testcase name="testAddShopkeeperSuccess" classname="Domain.ShiftJobsTest" time="0.004"/>
  <testcase name="testRemoveShopkeeperFailWhenEmpty" classname="Domain.ShiftJobsTest" time="0.004"/>
  <testcase name="testGetShiftDate" classname="Domain.ShiftJobsTest" time="0.002"/>
</testsuite>